SUCCESS : FALogger : Logger initialized. : 2024-12-29 00:38:25,309
SUCCESS : FALogger : Logger initialized. : 2024-12-29 11:43:41,544
SUCCESS : FALogger : Logger initialized. : 2024-12-29 11:59:59,462
SUCCESS : FALogger : Logger initialized. : 2024-12-29 12:00:10,453
SUCCESS : FALogger : Logger initialized. : 2024-12-29 12:00:31,245
SUCCESS : FALogger : Logger initialized. : 2024-12-29 12:07:19,291
SUCCESS : FALogger : Logger initialized. : 2024-12-29 12:07:38,957
SUCCESS : FALogger : Logger initialized. : 2024-12-29 12:07:56,062
SUCCESS : FALogger : Logger initialized. : 2024-12-29 12:09:16,740
SUCCESS : FALogger : Logger initialized. : 2024-12-29 12:10:16,514
SUCCESS : FALogger : Logger initialized. : 2024-12-29 12:11:02,678
SUCCESS : FALogger : Logger initialized. : 2024-12-29 12:11:47,534
SUCCESS : FALogger : Logger initialized. : 2024-12-29 12:14:14,447
SUCCESS : FALogger : Logger initialized. : 2024-12-29 12:15:04,532
SUCCESS : FALogger : Logger initialized. : 2024-12-29 12:19:21,062
SUCCESS : FALogger : Logger initialized. : 2024-12-29 12:28:06,085
SUCCESS : FALogger : Logger initialized. : 2024-12-29 12:31:50,104
SUCCESS : FALogger : Logger initialized. : 2024-12-29 12:33:09,736
SUCCESS : FALogger : Logger initialized. : 2024-12-29 12:33:22,933
SUCCESS : FALogger : Logger initialized. : 2024-12-29 12:35:21,334
SUCCESS : FALogger : Logger initialized. : 2024-12-29 12:36:23,307
SUCCESS : FALogger : Logger initialized. : 2024-12-29 12:37:54,999
ERROR : FALogger : [FAORM] - Document with UID aef0f5013ecd567beac22d461a98c9a8 not found : 2024-12-29 12:38:06,940
SUCCESS : FALogger : Logger initialized. : 2024-12-29 12:38:31,819
WARNING : FALogger : [FAORM] - Document with UID aef0f5013ecd567beac22d461a98c9a8 not found : 2024-12-29 12:38:42,575
SUCCESS : FALogger : Logger initialized. : 2024-12-29 12:45:29,774
WARNING : FALogger : [FAORM] - Document with UID aef0f5013ecd567beac22d461a98c9a8 not found : 2024-12-29 12:46:31,637
SUCCESS : FALogger : Logger initialized. : 2024-12-29 12:50:38,103
WARNING : FALogger : [FAORM] - Document with UID aef0f5013ecd567beac22d461a98c9a8 not found : 2024-12-29 12:51:26,425
SUCCESS : FALogger : Logger initialized. : 2024-12-29 12:56:48,946
WARNING : FALogger : [FAORM] - Document with UID aef0f5013ecd567beac22d461a98c9a8 not found : 2024-12-29 12:57:01,839
SUCCESS : FALogger : Logger initialized. : 2024-12-29 12:57:48,773
WARNING : FALogger : [FAORM] - Document with UID aef0f5013ecd567beac22d461a98c9a8 not found : 2024-12-29 12:58:01,437
SUCCESS : FALogger : Logger initialized. : 2024-12-29 12:58:11,751
SUCCESS : FALogger : Logger initialized. : 2024-12-29 12:59:15,996
SUCCESS : FALogger : Logger initialized. : 2024-12-29 13:02:28,274
SUCCESS : FALogger : Logger initialized. : 2024-12-29 13:03:47,882
WARNING : FALogger : [FAORM] - Document with UID 6dfca9887da417cf058ad1e58abd6d76 not found : 2024-12-29 13:04:16,426
SUCCESS : FALogger : Logger initialized. : 2024-12-29 21:22:04,117
SUCCESS : FALogger : Logger initialized. : 2024-12-29 21:27:06,995
SUCCESS : FALogger : Logger initialized. : 2024-12-29 21:28:04,546
SUCCESS : FALogger : Logger initialized. : 2024-12-29 21:28:32,884
SUCCESS : FALogger : Logger initialized. : 2024-12-29 21:33:47,575
SUCCESS : FALogger : Logger initialized. : 2024-12-29 21:35:07,308
SUCCESS : FALogger : Logger initialized. : 2024-12-29 21:35:25,062
SUCCESS : FALogger : Logger initialized. : 2024-12-29 21:50:32,152
SUCCESS : FALogger : Logger initialized. : 2024-12-29 21:51:29,248
SUCCESS : FALogger : Logger initialized. : 2024-12-29 21:53:00,849
SUCCESS : FALogger : Logger initialized. : 2024-12-29 21:54:11,318
SUCCESS : FALogger : Logger initialized. : 2024-12-29 21:58:55,464
SUCCESS : FALogger : Logger initialized. : 2024-12-29 21:59:19,295
SUCCESS : FALogger : Logger initialized. : 2024-12-30 19:45:24,927
INFO : FALogger : [STORE] - State loaded. : 2024-12-30 19:45:26,142
SUCCESS : FALogger : Logger initialized. : 2024-12-30 19:47:05,204
INFO : FALogger : [STORE] - State loaded. : 2024-12-30 19:47:06,142
SUCCESS : FALogger : Logger initialized. : 2024-12-30 19:47:41,681
INFO : FALogger : [STORE] - State loaded. : 2024-12-30 19:47:42,576
SUCCESS : FALogger : Logger initialized. : 2024-12-30 19:48:23,665
INFO : FALogger : [STORE] - State loaded. : 2024-12-30 19:48:24,553
SUCCESS : FALogger : Logger initialized. : 2024-12-30 19:48:30,879
INFO : FALogger : [STORE] - State loaded. : 2024-12-30 19:48:31,751
SUCCESS : FALogger : Logger initialized. : 2024-12-30 19:48:46,201
INFO : FALogger : [STORE] - State loaded. : 2024-12-30 19:48:47,074
SUCCESS : FALogger : Logger initialized. : 2024-12-30 19:48:50,941
INFO : FALogger : [STORE] - State loaded. : 2024-12-30 19:48:51,813
SUCCESS : FALogger : Logger initialized. : 2024-12-30 19:49:30,730
INFO : FALogger : [STORE] - State loaded. : 2024-12-30 19:49:31,596
SUCCESS : FALogger : Logger initialized. : 2024-12-30 19:49:42,046
INFO : FALogger : [STORE] - State loaded. : 2024-12-30 19:49:42,910
SUCCESS : FALogger : Logger initialized. : 2024-12-30 19:49:47,751
INFO : FALogger : [STORE] - State loaded. : 2024-12-30 19:49:48,627
SUCCESS : FALogger : Logger initialized. : 2024-12-30 19:49:58,781
INFO : FALogger : [STORE] - State loaded. : 2024-12-30 19:49:59,666
SUCCESS : FALogger : Logger initialized. : 2024-12-30 19:50:37,403
INFO : FALogger : [STORE] - State loaded. : 2024-12-30 19:50:38,289
SUCCESS : FALogger : Logger initialized. : 2024-12-30 19:50:47,709
INFO : FALogger : [STORE] - State loaded. : 2024-12-30 19:50:48,606
SUCCESS : FALogger : Logger initialized. : 2024-12-30 19:50:55,366
INFO : FALogger : [STORE] - State loaded. : 2024-12-30 19:50:56,259
SUCCESS : FALogger : Logger initialized. : 2024-12-30 19:51:04,691
INFO : FALogger : [STORE] - State loaded. : 2024-12-30 19:51:05,600
SUCCESS : FALogger : Logger initialized. : 2024-12-30 19:54:06,879
INFO : FALogger : [STORE] - State loaded. : 2024-12-30 19:54:07,756
SUCCESS : FALogger : Logger initialized. : 2024-12-30 19:55:16,646
INFO : FALogger : [STORE] - State loaded. : 2024-12-30 19:55:17,525
SUCCESS : FALogger : Logger initialized. : 2024-12-30 20:01:57,049
INFO : FALogger : [STORE] - State loaded. : 2024-12-30 20:01:57,942
SUCCESS : FALogger : Logger initialized. : 2024-12-30 20:02:16,003
INFO : FALogger : [STORE] - State loaded. : 2024-12-30 20:02:16,886
SUCCESS : FALogger : Logger initialized. : 2024-12-30 20:07:39,922
SUCCESS : FALogger : Logger initialized. : 2024-12-30 20:08:38,442
INFO : FALogger : [STORE] - State loaded. : 2024-12-30 20:08:39,630
INFO : FALogger : [STORE] - State dumped. : 2024-12-30 20:09:11,082
INFO : FALogger : [STORE] - State dumped. : 2024-12-30 20:09:17,847
SUCCESS : FALogger : Logger initialized. : 2024-12-30 20:11:27,115
INFO : FALogger : [STORE] - State loaded. : 2024-12-30 20:11:28,026
INFO : FALogger : [STORE] - State dumped. : 2024-12-30 20:11:30,875
INFO : FALogger : [STORE] - State dumped. : 2024-12-30 20:11:30,955
SUCCESS : FALogger : Logger initialized. : 2024-12-30 20:11:53,460
INFO : FALogger : [STORE] - State loaded. : 2024-12-30 20:11:54,346
SUCCESS : FALogger : Logger initialized. : 2024-12-30 20:12:36,213
INFO : FALogger : [STORE] - State loaded. : 2024-12-30 20:12:37,096
SUCCESS : FALogger : Logger initialized. : 2024-12-30 20:13:07,754
INFO : FALogger : [STORE] - State loaded. : 2024-12-30 20:13:08,633
SUCCESS : FALogger : Logger initialized. : 2024-12-30 20:13:30,487
INFO : FALogger : [STORE] - State loaded. : 2024-12-30 20:13:31,367
SUCCESS : FALogger : Logger initialized. : 2024-12-30 20:13:40,433
INFO : FALogger : [STORE] - State loaded. : 2024-12-30 20:13:41,314
SUCCESS : FALogger : Logger initialized. : 2024-12-30 20:14:01,635
INFO : FALogger : [STORE] - State loaded. : 2024-12-30 20:14:02,534
SUCCESS : FALogger : Logger initialized. : 2024-12-30 20:14:17,293
INFO : FALogger : [STORE] - State loaded. : 2024-12-30 20:14:18,166
SUCCESS : FALogger : Logger initialized. : 2024-12-30 20:14:41,414
INFO : FALogger : [STORE] - State loaded. : 2024-12-30 20:14:42,302
SUCCESS : FALogger : Logger initialized. : 2024-12-30 20:15:39,673
INFO : FALogger : [STORE] - State loaded. : 2024-12-30 20:15:40,588
INFO : FALogger : [STORE] - State dumped. : 2024-12-30 20:15:49,245
INFO : FALogger : [STORE] - State dumped. : 2024-12-30 20:15:50,386
SUCCESS : FALogger : Logger initialized. : 2024-12-30 20:16:14,417
INFO : FALogger : [STORE] - State loaded. : 2024-12-30 20:16:15,291
INFO : FALogger : [STORE] - State dumped. : 2024-12-30 20:16:22,857
INFO : FALogger : [STORE] - State dumped. : 2024-12-30 20:16:22,935
SUCCESS : FALogger : Logger initialized. : 2024-12-30 20:20:09,789
SUCCESS : FALogger : Logger initialized. : 2024-12-30 20:20:45,064
INFO : FALogger : [STORE] - State loaded. : 2024-12-30 20:20:45,967
SUCCESS : FALogger : Logger initialized. : 2024-12-30 20:20:59,203
INFO : FALogger : [STORE] - State loaded. : 2024-12-30 20:21:00,098
INFO : FALogger : [STORE] - State dumped. : 2024-12-30 20:21:02,806
INFO : FALogger : [STORE] - State dumped. : 2024-12-30 20:21:02,879
INFO : FALogger : [STORE] - State dumped. : 2024-12-30 20:21:09,659
INFO : FALogger : [STORE] - State dumped. : 2024-12-30 20:21:09,713
SUCCESS : FALogger : Logger initialized. : 2024-12-30 20:40:28,297
SUCCESS : FALogger : Logger initialized. : 2024-12-30 20:40:48,167
WARNING : FALogger : [FAORM] - Document with UID root not found : 2024-12-30 20:40:49,046
SUCCESS : FALogger : Logger initialized. : 2024-12-30 20:42:01,176
WARNING : FALogger : [FAORM] - Document with UID root not found : 2024-12-30 20:42:02,075
WARNING : FALogger : [FAORM] - Document with UID root not found : 2024-12-30 20:43:07,929
INFO : FALogger : [STORE] - State dumped. : 2024-12-30 20:43:07,941
INFO : FALogger : [STORE] - State dumped. : 2024-12-30 20:43:10,861
INFO : FALogger : [STORE] - State dumped. : 2024-12-30 20:43:31,943
INFO : FALogger : [STORE] - State dumped. : 2024-12-30 20:43:32,005
INFO : FALogger : [STORE] - State dumped. : 2024-12-30 20:44:10,909
INFO : FALogger : [STORE] - State dumped. : 2024-12-30 20:44:10,975
SUCCESS : FALogger : Logger initialized. : 2024-12-30 20:44:54,668
INFO : FALogger : [STORE] - State loaded. : 2024-12-30 20:44:55,839
INFO : FALogger : [STORE] - State dumped. : 2024-12-30 20:45:01,835
INFO : FALogger : [STORE] - State dumped. : 2024-12-30 20:45:01,921
SUCCESS : FALogger : Logger initialized. : 2024-12-30 20:45:38,808
INFO : FALogger : [STORE] - State loaded. : 2024-12-30 20:45:40,063
INFO : FALogger : [STORE] - State dumped. : 2024-12-30 20:45:45,528
INFO : FALogger : [STORE] - State dumped. : 2024-12-30 20:45:45,608
SUCCESS : FALogger : Logger initialized. : 2024-12-30 20:48:54,870
INFO : FALogger : [STORE] - State loaded. : 2024-12-30 20:48:56,070
INFO : FALogger : [STORE] - State dumped. : 2024-12-30 20:48:59,041
INFO : FALogger : [STORE] - State dumped. : 2024-12-30 20:48:59,128
WARNING : FALogger : [FAORM] - Document with UID 357e0918bdf9b9ae8bcca94a6eeff079 not found : 2024-12-30 20:49:26,961
SUCCESS : FALogger : Logger initialized. : 2024-12-30 22:43:14,991
INFO : FALogger : [STORE] - State loaded. : 2024-12-30 22:43:16,323
INFO : FALogger : [STORE] - State dumped. : 2024-12-30 22:43:26,216
INFO : FALogger : [STORE] - State dumped. : 2024-12-30 22:43:26,305
SUCCESS : FALogger : Logger initialized. : 2025-01-01 19:35:43,671
INFO : FALogger : [STORE] - State loaded. : 2025-01-01 19:35:45,281
INFO : FALogger : [STORE] - State dumped. : 2025-01-01 19:35:50,049
INFO : FALogger : [STORE] - State dumped. : 2025-01-01 19:35:50,133
SUCCESS : FALogger : Logger initialized. : 2025-01-01 19:37:21,469
INFO : FALogger : [STORE] - State loaded. : 2025-01-01 19:37:22,693
INFO : FALogger : [STORE] - State dumped. : 2025-01-01 19:37:29,241
INFO : FALogger : [STORE] - State dumped. : 2025-01-01 19:37:29,335
WARNING : FALogger : [FAORM] - Document with UID d83a32f4d84a7432cc827bf70b8f8433 not found : 2025-01-01 19:37:44,114
SUCCESS : FALogger : Logger initialized. : 2025-01-01 19:38:43,866
INFO : FALogger : [STORE] - State loaded. : 2025-01-01 19:38:45,089
INFO : FALogger : [STORE] - State dumped. : 2025-01-01 19:38:49,345
INFO : FALogger : [STORE] - State dumped. : 2025-01-01 19:38:54,089
SUCCESS : FALogger : Logger initialized. : 2025-01-01 19:39:22,079
INFO : FALogger : [STORE] - State loaded. : 2025-01-01 19:39:23,238
INFO : FALogger : [STORE] - State dumped. : 2025-01-01 19:39:26,702
INFO : FALogger : [STORE] - State dumped. : 2025-01-01 19:39:29,503
SUCCESS : FALogger : Logger initialized. : 2025-01-01 19:41:36,560
INFO : FALogger : [STORE] - State loaded. : 2025-01-01 19:41:37,777
SUCCESS : FALogger : Logger initialized. : 2025-01-01 19:42:09,302
INFO : FALogger : [STORE] - State loaded. : 2025-01-01 19:42:10,532
INFO : FALogger : [STORE] - State dumped. : 2025-01-01 19:42:14,597
INFO : FALogger : [STORE] - State dumped. : 2025-01-01 19:42:14,688
SUCCESS : FALogger : Logger initialized. : 2025-01-01 19:43:01,620
INFO : FALogger : [STORE] - State loaded. : 2025-01-01 19:43:02,898
INFO : FALogger : [STORE] - State dumped. : 2025-01-01 19:43:06,968
INFO : FALogger : [STORE] - State dumped. : 2025-01-01 19:43:07,063
SUCCESS : FALogger : Logger initialized. : 2025-01-01 19:43:45,230
INFO : FALogger : [STORE] - State loaded. : 2025-01-01 19:43:46,466
INFO : FALogger : [STORE] - State dumped. : 2025-01-01 19:43:49,632
INFO : FALogger : [STORE] - State dumped. : 2025-01-01 19:43:49,717
SUCCESS : FALogger : Logger initialized. : 2025-01-01 19:44:29,102
INFO : FALogger : [STORE] - State loaded. : 2025-01-01 19:44:30,307
INFO : FALogger : [STORE] - State dumped. : 2025-01-01 19:44:34,653
INFO : FALogger : [STORE] - State dumped. : 2025-01-01 19:44:34,740
INFO : FALogger : [STORE] - State dumped. : 2025-01-01 19:45:03,079
INFO : FALogger : [STORE] - State dumped. : 2025-01-01 19:45:18,323
WARNING : FALogger : [FAORM] - Document with UID 6d52fe7a9d3edc849e20652e60ec6891 not found : 2025-01-01 19:45:18,324
SUCCESS : FALogger : Logger initialized. : 2025-01-01 19:45:54,183
INFO : FALogger : [STORE] - State loaded. : 2025-01-01 19:45:55,415
INFO : FALogger : [STORE] - State dumped. : 2025-01-01 19:45:59,342
INFO : FALogger : [STORE] - State dumped. : 2025-01-01 19:45:59,440
WARNING : FALogger : [FAORM] - Document with UID cd0d66e16c59910e3c9fa4805c4765e2 not found : 2025-01-01 19:46:02,678
INFO : FALogger : [STORE] - State dumped. : 2025-01-01 19:46:13,550
SUCCESS : FALogger : Logger initialized. : 2025-01-01 19:50:13,782
INFO : FALogger : [STORE] - State loaded. : 2025-01-01 19:50:14,994
INFO : FALogger : [STORE] - State dumped. : 2025-01-01 19:50:19,508
INFO : FALogger : [STORE] - State dumped. : 2025-01-01 19:50:19,600
WARNING : FALogger : [FAORM] - Document with UID ee6d37231a0247823231c8731e090ca5 not found : 2025-01-01 19:50:23,449
INFO : FALogger : [STORE] - State dumped. : 2025-01-01 19:50:23,733
SUCCESS : FALogger : Logger initialized. : 2025-01-01 19:56:34,709
INFO : FALogger : [STORE] - State loaded. : 2025-01-01 19:56:35,987
SUCCESS : FALogger : Logger initialized. : 2025-01-01 19:57:05,208
INFO : FALogger : [STORE] - State loaded. : 2025-01-01 19:57:06,429
SUCCESS : FALogger : Logger initialized. : 2025-01-01 20:00:50,883
INFO : FALogger : [STORE] - State loaded. : 2025-01-01 20:00:52,196
SUCCESS : FALogger : Logger initialized. : 2025-01-01 20:02:43,217
INFO : FALogger : [STORE] - State loaded. : 2025-01-01 20:02:44,439
SUCCESS : FALogger : Logger initialized. : 2025-01-01 20:09:28,211
INFO : FALogger : [STORE] - State loaded. : 2025-01-01 20:09:29,417
SUCCESS : FALogger : Logger initialized. : 2025-01-01 20:10:09,715
INFO : FALogger : [STORE] - State loaded. : 2025-01-01 20:10:10,929
INFO : FALogger : [STORE] - State dumped. : 2025-01-01 20:11:33,023
INFO : FALogger : [STORE] - State dumped. : 2025-01-01 20:11:33,114
INFO : FALogger : [STORE] - State dumped. : 2025-01-01 20:11:37,368
WARNING : FALogger : [FAORM] - Document with UID 97cf9ef2a4a7f43e2edba68b24c992ba not found : 2025-01-01 20:11:46,123
INFO : FALogger : [STORE] - State dumped. : 2025-01-01 20:11:46,368
WARNING : FALogger : [FAORM] - Document with UID 9c505ca6589296cd73bf607a672490d6 not found : 2025-01-01 20:11:52,101
INFO : FALogger : [STORE] - State dumped. : 2025-01-01 20:11:52,396
INFO : FALogger : [STORE] - State dumped. : 2025-01-01 20:12:07,419
SUCCESS : FALogger : Logger initialized. : 2025-01-01 20:12:31,833
INFO : FALogger : [STORE] - State loaded. : 2025-01-01 20:12:32,729
INFO : FALogger : [STORE] - State dumped. : 2025-01-01 20:12:36,040
INFO : FALogger : [STORE] - State dumped. : 2025-01-01 20:12:36,108
WARNING : FALogger : [FAORM] - Document with UID 1cfe6a8f71e9b09ae9e46757db0b1e29 not found : 2025-01-01 20:12:36,109
INFO : FALogger : [STORE] - State dumped. : 2025-01-01 20:12:36,441
SUCCESS : FALogger : Logger initialized. : 2025-01-01 21:55:30,144
INFO : FALogger : [STORE] - State loaded. : 2025-01-01 21:55:30,989
INFO : FALogger : [STORE] - State dumped. : 2025-01-01 21:55:34,213
INFO : FALogger : [STORE] - State dumped. : 2025-01-01 21:55:34,282
INFO : FALogger : [STORE] - State dumped. : 2025-01-01 21:55:34,366
SUCCESS : FALogger : Logger initialized. : 2025-01-01 21:57:28,233
INFO : FALogger : [STORE] - State loaded. : 2025-01-01 21:57:29,112
INFO : FALogger : [STORE] - State dumped. : 2025-01-01 21:57:32,082
INFO : FALogger : [STORE] - State dumped. : 2025-01-01 21:57:32,149
INFO : FALogger : [STORE] - State dumped. : 2025-01-01 21:57:32,234
SUCCESS : FALogger : Logger initialized. : 2025-01-01 21:58:37,333
INFO : FALogger : [STORE] - State loaded. : 2025-01-01 21:58:38,215
INFO : FALogger : [STORE] - State dumped. : 2025-01-01 21:58:42,011
INFO : FALogger : [STORE] - State dumped. : 2025-01-01 21:58:42,081
INFO : FALogger : [STORE] - State dumped. : 2025-01-01 21:58:42,171
SUCCESS : FALogger : Logger initialized. : 2025-01-01 22:00:21,306
INFO : FALogger : [STORE] - State loaded. : 2025-01-01 22:00:22,157
INFO : FALogger : [STORE] - State dumped. : 2025-01-01 22:00:26,329
INFO : FALogger : [STORE] - State dumped. : 2025-01-01 22:00:26,396
INFO : FALogger : [STORE] - State dumped. : 2025-01-01 22:00:26,479
SUCCESS : FALogger : Logger initialized. : 2025-01-01 22:03:27,603
INFO : FALogger : [STORE] - State loaded. : 2025-01-01 22:03:28,459
INFO : FALogger : [STORE] - State dumped. : 2025-01-01 22:03:32,314
WARNING : FALogger : [FAORM] - Document with UID 2b006f2554fd1571df52f11df74811ad not found : 2025-01-01 22:03:32,316
INFO : FALogger : [STORE] - State dumped. : 2025-01-01 22:03:32,436
INFO : FALogger : [STORE] - State dumped. : 2025-01-01 22:03:32,512
SUCCESS : FALogger : Logger initialized. : 2025-01-01 22:04:43,415
INFO : FALogger : [STORE] - State loaded. : 2025-01-01 22:04:44,304
INFO : FALogger : [STORE] - State dumped. : 2025-01-01 22:04:47,535
INFO : FALogger : [STORE] - State dumped. : 2025-01-01 22:04:47,636
INFO : FALogger : [STORE] - State dumped. : 2025-01-01 22:04:47,713
SUCCESS : FALogger : Logger initialized. : 2025-01-01 22:06:25,878
INFO : FALogger : [STORE] - State loaded. : 2025-01-01 22:06:26,870
INFO : FALogger : [STORE] - State dumped. : 2025-01-01 22:06:30,445
INFO : FALogger : [STORE] - State dumped. : 2025-01-01 22:06:30,543
INFO : FALogger : [STORE] - State dumped. : 2025-01-01 22:06:30,624
SUCCESS : FALogger : Logger initialized. : 2025-01-01 22:07:21,393
INFO : FALogger : [STORE] - State loaded. : 2025-01-01 22:07:22,593
INFO : FALogger : [STORE] - State dumped. : 2025-01-01 22:07:26,664
SUCCESS : FALogger : Logger initialized. : 2025-01-01 22:08:09,732
INFO : FALogger : [STORE] - State loaded. : 2025-01-01 22:08:10,921
INFO : FALogger : [STORE] - State dumped. : 2025-01-01 22:08:15,388
INFO : FALogger : [STORE] - State dumped. : 2025-01-01 22:08:19,691
INFO : FALogger : [STORE] - State dumped. : 2025-01-01 22:08:19,873
SUCCESS : FALogger : Logger initialized. : 2025-01-01 22:08:53,237
INFO : FALogger : [STORE] - State loaded. : 2025-01-01 22:08:54,434
INFO : FALogger : [STORE] - State dumped. : 2025-01-01 22:08:57,591
INFO : FALogger : [STORE] - State dumped. : 2025-01-01 22:09:15,578
INFO : FALogger : [STORE] - State dumped. : 2025-01-01 22:09:15,759
SUCCESS : FALogger : Logger initialized. : 2025-01-01 22:10:22,278
INFO : FALogger : [STORE] - State loaded. : 2025-01-01 22:10:23,508
INFO : FALogger : [STORE] - State dumped. : 2025-01-01 22:10:27,123
INFO : FALogger : [STORE] - State dumped. : 2025-01-01 22:12:45,600
INFO : FALogger : [STORE] - State dumped. : 2025-01-01 22:12:45,771
SUCCESS : FALogger : Logger initialized. : 2025-01-01 22:17:55,501
INFO : FALogger : [STORE] - State loaded. : 2025-01-01 22:17:56,670
INFO : FALogger : [STORE] - State dumped. : 2025-01-01 22:18:02,268
INFO : FALogger : [STORE] - State dumped. : 2025-01-01 22:18:05,134
INFO : FALogger : [STORE] - State dumped. : 2025-01-01 22:18:05,309
INFO : FALogger : [STORE] - State dumped. : 2025-01-01 22:18:15,264
WARNING : FALogger : [FAORM] - Document with UID 7b7e3647f083745e5078d1cf8fc6cdd0 not found : 2025-01-01 22:18:21,421
INFO : FALogger : [STORE] - State dumped. : 2025-01-01 22:18:21,526
INFO : FALogger : [STORE] - State dumped. : 2025-01-01 22:18:21,596
SUCCESS : FALogger : Logger initialized. : 2025-01-01 22:18:55,499
INFO : FALogger : [STORE] - State loaded. : 2025-01-01 22:18:56,337
INFO : FALogger : [STORE] - State dumped. : 2025-01-01 22:18:59,727
INFO : FALogger : [STORE] - State dumped. : 2025-01-01 22:18:59,818
INFO : FALogger : [STORE] - State dumped. : 2025-01-01 22:18:59,887
SUCCESS : FALogger : Logger initialized. : 2025-01-01 22:19:15,009
INFO : FALogger : [STORE] - State loaded. : 2025-01-01 22:19:15,870
INFO : FALogger : [STORE] - State dumped. : 2025-01-01 22:19:19,008
INFO : FALogger : [STORE] - State dumped. : 2025-01-01 22:19:19,101
INFO : FALogger : [STORE] - State dumped. : 2025-01-01 22:19:19,172
SUCCESS : FALogger : Logger initialized. : 2025-01-01 22:19:31,186
INFO : FALogger : [STORE] - State loaded. : 2025-01-01 22:19:32,048
INFO : FALogger : [STORE] - State dumped. : 2025-01-01 22:19:37,500
INFO : FALogger : [STORE] - State dumped. : 2025-01-01 22:19:37,594
INFO : FALogger : [STORE] - State dumped. : 2025-01-01 22:19:37,666
SUCCESS : FALogger : Logger initialized. : 2025-01-01 22:20:08,274
INFO : FALogger : [STORE] - State loaded. : 2025-01-01 22:20:09,198
SUCCESS : FALogger : Logger initialized. : 2025-01-01 22:20:34,004
WARNING : FALogger : [FAORM] - Document with UID root not found : 2025-01-01 22:20:34,847
SUCCESS : FALogger : Logger initialized. : 2025-01-01 22:21:49,454
WARNING : FALogger : [FAORM] - Document with UID root not found : 2025-01-01 22:21:50,596
WARNING : FALogger : [FAORM] - Document with UID root not found : 2025-01-01 22:22:51,425
INFO : FALogger : [STORE] - State dumped. : 2025-01-01 22:22:51,438
INFO : FALogger : [STORE] - State dumped. : 2025-01-01 22:22:51,535
INFO : FALogger : [STORE] - State dumped. : 2025-01-01 22:22:51,602
SUCCESS : FALogger : Logger initialized. : 2025-01-01 22:25:17,068
INFO : FALogger : [STORE] - State loaded. : 2025-01-01 22:25:18,249
INFO : FALogger : [STORE] - State dumped. : 2025-01-01 22:25:26,486
INFO : FALogger : [STORE] - State dumped. : 2025-01-01 22:25:26,587
INFO : FALogger : [STORE] - State dumped. : 2025-01-01 22:25:26,747
SUCCESS : FALogger : Logger initialized. : 2025-01-01 22:25:54,869
INFO : FALogger : [STORE] - State loaded. : 2025-01-01 22:25:55,672
INFO : FALogger : [STORE] - State dumped. : 2025-01-01 22:25:59,093
INFO : FALogger : [FAModelManager] - - Model loaded from KMeans_2025-01-01_22-03-32_2b006f2554fd1571df52f11df74811ad.pkl. : 2025-01-01 22:25:59,094
INFO : FALogger : [STORE] - State dumped. : 2025-01-01 22:25:59,183
INFO : FALogger : [FAModelManager] - - Model loaded from MLP_2025-01-01_19-50-23_ee6d37231a0247823231c8731e090ca5.pkl. : 2025-01-01 22:25:59,186
INFO : FALogger : [STORE] - State dumped. : 2025-01-01 22:25:59,253
SUCCESS : FALogger : Logger initialized. : 2025-01-01 22:26:50,948
INFO : FALogger : [STORE] - State loaded. : 2025-01-01 22:26:51,851
INFO : FALogger : [STORE] - State dumped. : 2025-01-01 22:26:55,917
SUCCESS : FALogger : [FAModelManager] - - Model loaded from KMeans_2025-01-01_22-03-32_2b006f2554fd1571df52f11df74811ad.pkl. : 2025-01-01 22:26:55,919
INFO : FALogger : [STORE] - State dumped. : 2025-01-01 22:26:56,010
SUCCESS : FALogger : [FAModelManager] - - Model loaded from MLP_2025-01-01_19-50-23_ee6d37231a0247823231c8731e090ca5.pkl. : 2025-01-01 22:26:56,013
INFO : FALogger : [STORE] - State dumped. : 2025-01-01 22:26:56,082
SUCCESS : FALogger : Logger initialized. : 2025-01-01 22:41:50,163
SUCCESS : FALogger : Logger initialized. : 2025-01-02 00:25:01,124
INFO : FALogger : [STORE] - State loaded. : 2025-01-02 00:25:01,982
INFO : FALogger : [STORE] - State dumped. : 2025-01-02 00:25:13,185
SUCCESS : FALogger : [FAModelManager] - - Model loaded from KMeans_2025-01-01_22-03-32_2b006f2554fd1571df52f11df74811ad.pkl. : 2025-01-02 00:25:13,186
INFO : FALogger : [STORE] - State dumped. : 2025-01-02 00:25:13,283
SUCCESS : FALogger : [FAModelManager] - - Model loaded from MLP_2025-01-01_19-50-23_ee6d37231a0247823231c8731e090ca5.pkl. : 2025-01-02 00:25:13,285
INFO : FALogger : [STORE] - State dumped. : 2025-01-02 00:25:13,358
SUCCESS : FALogger : Logger initialized. : 2025-01-02 00:25:51,788
INFO : FALogger : [STORE] - State loaded. : 2025-01-02 00:25:52,653
SUCCESS : FALogger : Logger initialized. : 2025-01-02 00:28:19,577
INFO : FALogger : [STORE] - State loaded. : 2025-01-02 00:28:20,882
INFO : FALogger : [STORE] - State dumped. : 2025-01-02 00:28:39,745
SUCCESS : FALogger : [FAModelManager] - - Model loaded from KMeans_2025-01-01_22-03-32_2b006f2554fd1571df52f11df74811ad.pkl. : 2025-01-02 00:28:39,748
INFO : FALogger : [STORE] - State dumped. : 2025-01-02 00:28:39,854
WARNING : FALogger : [FAORM] - Document with UID bf7294e9f5a663002871c6eef5228471 not found : 2025-01-02 00:28:39,857
INFO : FALogger : [FAModelManager] - - Model binary not found. : 2025-01-02 00:28:39,857
INFO : FALogger : [FAModelManager] - - Saving model to MLP_2025-01-02_00-28-39_bf7294e9f5a663002871c6eef5228471.pkl. : 2025-01-02 00:28:40,012
INFO : FALogger : [STORE] - State dumped. : 2025-01-02 00:28:40,172
